Copyright 1986-2019 Xilinx, Inc. All Rights Reserved.
------------------------------------------------------------------------------------
| Tool Version : Vivado v.2019.2 (win64) Build 2708876 Wed Nov  6 21:40:23 MST 2019
| Date         : Thu Apr  1 15:25:46 2021
| Host         : C195-UL-41 running 64-bit major release  (build 9200)
| Command      : upgrade_ip
| Device       : xc7z010clg400-1
------------------------------------------------------------------------------------

Upgrade Log for IP 'dgn_videomemlab_0_0'

1. Summary
----------

SUCCESS in the upgrade of dgn_videomemlab_0_0 (clarkson.edu:user:videomemlab:1.0) from (Rev. 37) to (Rev. 38)






Copyright 1986-2019 Xilinx, Inc. All Rights Reserved.
------------------------------------------------------------------------------------
| Tool Version : Vivado v.2019.2 (win64) Build 2708876 Wed Nov  6 21:40:23 MST 2019
| Date         : Thu Apr  1 14:25:19 2021
| Host         : C195-UL-41 running 64-bit major release  (build 9200)
| Command      : upgrade_ip
| Device       : xc7z010clg400-1
------------------------------------------------------------------------------------

Upgrade Log for IP 'dgn_videomemlab_0_0'

1. Summary
----------

SUCCESS in the upgrade of dgn_videomemlab_0_0 (clarkson.edu:user:videomemlab:1.0) from (Rev. 36) to (Rev. 37)






Copyright 1986-2019 Xilinx, Inc. All Rights Reserved.
------------------------------------------------------------------------------------
| Tool Version : Vivado v.2019.2 (win64) Build 2708876 Wed Nov  6 21:40:23 MST 2019
| Date         : Thu Apr  1 13:36:13 2021
| Host         : C195-UL-41 running 64-bit major release  (build 9200)
| Command      : upgrade_ip
| Device       : xc7z010clg400-1
------------------------------------------------------------------------------------

Upgrade Log for IP 'dgn_videomemlab_0_0'

1. Summary
----------

SUCCESS in the upgrade of dgn_videomemlab_0_0 (clarkson.edu:user:videomemlab:1.0) from (Rev. 35) to (Rev. 36)






Copyright 1986-2019 Xilinx, Inc. All Rights Reserved.
------------------------------------------------------------------------------------
| Tool Version : Vivado v.2019.2 (win64) Build 2708876 Wed Nov  6 21:40:23 MST 2019
| Date         : Thu Apr  1 13:24:36 2021
| Host         : C195-UL-41 running 64-bit major release  (build 9200)
| Command      : upgrade_ip
| Device       : xc7z010clg400-1
------------------------------------------------------------------------------------

Upgrade Log for IP 'dgn_kybd_slv_0_0'

1. Summary
----------

SUCCESS in the upgrade of dgn_kybd_slv_0_0 (clarkson.edu:user:kybd_slv:1.0) from (Rev. 30) to (Rev. 31)

